TN:
SF:/home/sp/mongoDB-API/server.js
FN:30,(anonymous_0)
FNF:1
FNH:1
FNDA:1,(anonymous_0)
DA:1,1
DA:2,1
DA:3,1
DA:4,1
DA:6,1
DA:7,1
DA:9,1
DA:11,1
DA:13,1
DA:15,1
DA:17,1
DA:24,1
DA:26,1
DA:28,1
DA:30,1
DA:31,1
DA:34,1
LF:17
LH:17
BRDA:28,0,0,1
BRDA:28,0,1,0
BRF:2
BRH:1
end_of_record
TN:
SF:/home/sp/mongoDB-API/config/logger.js
FN:12,(anonymous_0)
FNF:1
FNH:1
FNDA:5,(anonymous_0)
DA:2,1
DA:5,1
DA:12,5
DA:17,1
LF:4
LH:4
BRF:0
BRH:0
end_of_record
TN:
SF:/home/sp/mongoDB-API/config/mongoDbUrl.js
FNF:0
FNH:0
DA:1,1
DA:2,1
LF:2
LH:2
BRF:0
BRH:0
end_of_record
TN:
SF:/home/sp/mongoDB-API/models/user.js
FNF:0
FNH:0
DA:1,1
DA:3,1
DA:10,1
LF:3
LH:3
BRF:0
BRH:0
end_of_record
TN:
SF:/home/sp/mongoDB-API/src/common/middleware.js
FN:3,log
FNF:1
FNH:1
FNDA:4,log
DA:1,1
DA:4,4
DA:5,4
DA:8,1
LF:4
LH:4
BRF:0
BRH:0
end_of_record
TN:
SF:/home/sp/mongoDB-API/src/users/user_controller.js
FN:6,hash
FN:12,getConnection
FN:20,addUsertoDb
FN:39,findUserFromDb
FNF:4
FNH:4
FNDA:2,hash
FNDA:8,getConnection
FNDA:2,addUsertoDb
FNDA:6,findUserFromDb
DA:1,1
DA:2,1
DA:3,1
DA:4,1
DA:7,2
DA:8,2
DA:13,8
DA:14,8
DA:15,8
DA:16,8
DA:17,8
DA:21,2
DA:22,2
DA:23,2
DA:30,2
DA:31,2
DA:33,0
DA:35,2
DA:36,2
DA:40,6
DA:42,6
DA:43,6
DA:45,1
DA:47,6
DA:48,6
DA:51,1
LF:26
LH:25
BRDA:15,0,0,8
BRDA:15,0,1,0
BRF:2
BRH:1
end_of_record
TN:
SF:/home/sp/mongoDB-API/src/users/user_routes.js
FN:6,(anonymous_0)
FN:16,(anonymous_1)
FNF:2
FNH:2
FNDA:2,(anonymous_0)
FNDA:2,(anonymous_1)
DA:1,1
DA:2,1
DA:4,1
DA:6,1
DA:7,2
DA:8,2
DA:9,2
DA:10,1
DA:12,1
DA:16,1
DA:17,2
DA:18,2
DA:19,2
DA:20,1
DA:21,1
DA:22,0
DA:25,1
LF:17
LH:16
BRDA:9,0,0,1
BRDA:9,0,1,1
BRDA:19,1,0,1
BRDA:19,1,1,0
BRF:4
BRH:3
end_of_record
